Traceback (most recent call last):
  File "/usr/local/projdata/8500/projects/CDC/server/apache/cgi-bin/AMR-Finder-master/scripts/amr-finder/amr-finder.py", line 1, in <module>
    from Bio.Blast.Applications import NcbiblastpCommandline, NcbiblastnCommandline
  File "/local/ifs2_projdata/8500/projects/CDC/server/amr_db_python_env/lib/python2.7/site-packages/Bio/Blast/Applications.py", line 31, in <module>
    from Bio.Application import _Option, AbstractCommandline, _Switch
  File "/local/ifs2_projdata/8500/projects/CDC/server/amr_db_python_env/lib/python2.7/site-packages/Bio/Application/__init__.py", line 23, in <module>
    from Bio._py3k import basestring
  File "/local/ifs2_projdata/8500/projects/CDC/server/amr_db_python_env/lib/python2.7/site-packages/Bio/_py3k/__init__.py", line 188, in <module>
    from urllib2 import urlopen, Request
  File "/usr/local/packages/python-2.7.6/lib/python2.7/urllib2.py", line 94, in <module>
    import httplib
  File "/usr/local/packages/python-2.7.6/lib/python2.7/httplib.py", line 71, in <module>
    import socket
  File "/usr/local/packages/python-2.7.6/lib/python2.7/socket.py", line 47, in <module>
    import _socket
ImportError: /local/ifs2_projdata/8500/projects/CDC/server/amr_db_python_env/lib/python2.7/lib-dynload/_socket.so: undefined symbol: _PyInt_AsInt
Traceback (most recent call last):
  File "/usr/local/projdata/8500/projects/CDC/server/apache/cgi-bin/AMR-Finder-master/scripts/amr-finder/amr-finder.py", line 1, in <module>
    from Bio.Blast.Applications import NcbiblastpCommandline, NcbiblastnCommandline
  File "/local/ifs2_projdata/8500/projects/CDC/server/amr_db_python_env/lib/python2.7/site-packages/Bio/Blast/Applications.py", line 31, in <module>
    from Bio.Application import _Option, AbstractCommandline, _Switch
  File "/local/ifs2_projdata/8500/projects/CDC/server/amr_db_python_env/lib/python2.7/site-packages/Bio/Application/__init__.py", line 23, in <module>
    from Bio._py3k import basestring
  File "/local/ifs2_projdata/8500/projects/CDC/server/amr_db_python_env/lib/python2.7/site-packages/Bio/_py3k/__init__.py", line 188, in <module>
    from urllib2 import urlopen, Request
  File "/usr/local/packages/python-2.7.6/lib/python2.7/urllib2.py", line 94, in <module>
    import httplib
  File "/usr/local/packages/python-2.7.6/lib/python2.7/httplib.py", line 71, in <module>
    import socket
  File "/usr/local/packages/python-2.7.6/lib/python2.7/socket.py", line 47, in <module>
    import _socket
ImportError: /local/ifs2_projdata/8500/projects/CDC/server/amr_db_python_env/lib/python2.7/lib-dynload/_socket.so: undefined symbol: _PyInt_AsInt
Traceback (most recent call last):
  File "/usr/local/projdata/8500/projects/CDC/server/apache/cgi-bin/AMR-Finder-master/scripts/amr-finder/amr-finder.py", line 1, in <module>
    from Bio.Blast.Applications import NcbiblastpCommandline, NcbiblastnCommandline
  File "/local/ifs2_projdata/8500/projects/CDC/server/amr_db_python_env/lib/python2.7/site-packages/Bio/Blast/Applications.py", line 31, in <module>
    from Bio.Application import _Option, AbstractCommandline, _Switch
  File "/local/ifs2_projdata/8500/projects/CDC/server/amr_db_python_env/lib/python2.7/site-packages/Bio/Application/__init__.py", line 23, in <module>
    from Bio._py3k import basestring
  File "/local/ifs2_projdata/8500/projects/CDC/server/amr_db_python_env/lib/python2.7/site-packages/Bio/_py3k/__init__.py", line 188, in <module>
    from urllib2 import urlopen, Request
  File "/usr/local/packages/python-2.7.6/lib/python2.7/urllib2.py", line 94, in <module>
    import httplib
  File "/usr/local/packages/python-2.7.6/lib/python2.7/httplib.py", line 71, in <module>
    import socket
  File "/usr/local/packages/python-2.7.6/lib/python2.7/socket.py", line 47, in <module>
    import _socket
ImportError: /local/ifs2_projdata/8500/projects/CDC/server/amr_db_python_env/lib/python2.7/lib-dynload/_socket.so: undefined symbol: _PyInt_AsInt
Traceback (most recent call last):
  File "/usr/local/projdata/8500/projects/CDC/server/apache/cgi-bin/AMR-Finder-master/scripts/amr-finder/amr-finder.py", line 1, in <module>
    from Bio.Blast.Applications import NcbiblastpCommandline, NcbiblastnCommandline
  File "/local/ifs2_projdata/8500/projects/CDC/server/amr_db_python_env/lib/python2.7/site-packages/Bio/Blast/Applications.py", line 31, in <module>
    from Bio.Application import _Option, AbstractCommandline, _Switch
  File "/local/ifs2_projdata/8500/projects/CDC/server/amr_db_python_env/lib/python2.7/site-packages/Bio/Application/__init__.py", line 23, in <module>
    from Bio._py3k import basestring
  File "/local/ifs2_projdata/8500/projects/CDC/server/amr_db_python_env/lib/python2.7/site-packages/Bio/_py3k/__init__.py", line 188, in <module>
    from urllib2 import urlopen, Request
  File "/usr/local/packages/python-2.7.6/lib/python2.7/urllib2.py", line 94, in <module>
    import httplib
  File "/usr/local/packages/python-2.7.6/lib/python2.7/httplib.py", line 71, in <module>
    import socket
  File "/usr/local/packages/python-2.7.6/lib/python2.7/socket.py", line 47, in <module>
    import _socket
ImportError: /local/ifs2_projdata/8500/projects/CDC/server/amr_db_python_env/lib/python2.7/lib-dynload/_socket.so: undefined symbol: _PyInt_AsInt
